2020-09-30 01:22:50,640 - D:/PycharmProjects/automationPlatform/1.py[line:39] - DEBUG: debug
2020-09-30 01:22:50,641 - D:/PycharmProjects/automationPlatform/1.py[line:40] - INFO: info
2020-09-30 01:22:50,641 - D:/PycharmProjects/automationPlatform/1.py[line:41] - WARNING: 警告
2020-09-30 01:22:50,641 - D:/PycharmProjects/automationPlatform/1.py[line:42] - ERROR: 报错
2020-09-30 01:22:50,641 - D:/PycharmProjects/automationPlatform/1.py[line:43] - CRITICAL: 严重
2020-09-30 01:43:35,157 - D:/PycharmProjects/automationPlatform/fbJob.py[line:39] - INFO: -----本次执行的任务列表：[71, 72, 73, 74, 75, 76, 77, 78]-----
2020-09-30 01:43:35,160 - D:/PycharmProjects/automationPlatform/fbJob.py[line:48] - INFO: *****帐号4915753941368开始执行*****71
2020-09-30 01:43:52,767 - D:/PycharmProjects/automationPlatform/fbJob.py[line:327] - INFO: *****state:已加入*****
2020-09-30 01:44:11,903 - D:/PycharmProjects/automationPlatform/fbJob.py[line:48] - INFO: *****帐号4915753941368开始执行*****72
2020-09-30 01:44:27,030 - D:/PycharmProjects/automationPlatform/fbJob.py[line:327] - INFO: *****state:请求已发送*****
2020-09-30 01:44:27,030 - D:/PycharmProjects/automationPlatform/fbJob.py[line:329] - INFO: -----4915753941368加入群组请求已发送-----
2020-09-30 01:44:37,685 - D:/PycharmProjects/automationPlatform/fbJob.py[line:108] - INFO: *****帐号4915753941368未完成*****72
2020-09-30 01:44:37,685 - D:/PycharmProjects/automationPlatform/fbJob.py[line:45] - INFO: #####等待5秒后，下一个帐号开始执行#####
2020-09-30 01:44:42,686 - D:/PycharmProjects/automationPlatform/fbJob.py[line:48] - INFO: *****帐号33641672616开始执行*****72
2020-09-30 01:44:42,686 - D:/PycharmProjects/automationPlatform/fbJob.py[line:50] - INFO: *****该账号已执行过此任务，跳过*****
2020-09-30 01:44:42,687 - D:/PycharmProjects/automationPlatform/fbJob.py[line:45] - INFO: #####等待5秒后，下一个帐号开始执行#####
2020-09-30 01:44:47,687 - D:/PycharmProjects/automationPlatform/fbJob.py[line:48] - INFO: *****帐号4915214194318开始执行*****72
2020-09-30 01:45:05,998 - D:/PycharmProjects/automationPlatform/fbJob.py[line:327] - INFO: *****state:已加入*****
2020-09-30 01:45:17,362 - D:/PycharmProjects/automationPlatform/fbJob.py[line:367] - INFO: *****点赞成功*****
2020-09-30 01:45:21,588 - D:/PycharmProjects/automationPlatform/fbJob.py[line:375] - INFO: *****评论成功*****
2020-09-30 01:45:21,588 - D:/PycharmProjects/automationPlatform/fbJob.py[line:389] - INFO: *****无需分享*****
2020-09-30 01:45:22,610 - D:/PycharmProjects/automationPlatform/fbJob.py[line:396] - INFO: *****更新帐号配置文件成功*****
2020-09-30 01:45:22,610 - D:/PycharmProjects/automationPlatform/fbJob.py[line:397] - INFO: *****帐号4915214194318执行完成*****
2020-09-30 01:45:25,775 - D:/PycharmProjects/automationPlatform/fbJob.py[line:104] - INFO: *****更新数据库成功*****
2020-09-30 01:45:25,775 - D:/PycharmProjects/automationPlatform/fbJob.py[line:105] - INFO: *****帐号4915214194318执行完成*****72
2020-09-30 01:45:25,777 - D:/PycharmProjects/automationPlatform/fbJob.py[line:48] - INFO: *****帐号4915753941368开始执行*****73
2020-09-30 01:45:48,286 - D:/PycharmProjects/automationPlatform/fbJob.py[line:327] - INFO: *****state:加入*****
2020-09-30 01:45:50,152 - D:/PycharmProjects/automationPlatform/fbJob.py[line:158] - INFO: -----开始回答Super Deals Scouter - Deals, Promos, Coupons and Discounts up to 99% OFF问题-----
2020-09-30 01:45:53,317 - D:/PycharmProjects/automationPlatform/fbJob.py[line:281] - INFO: -----回答问题结束-----
2020-09-30 01:46:12,221 - D:/PycharmProjects/automationPlatform/fbJob.py[line:108] - INFO: *****帐号4915753941368未完成*****73
2020-09-30 01:46:12,222 - D:/PycharmProjects/automationPlatform/fbJob.py[line:45] - INFO: #####等待5秒后，下一个帐号开始执行#####
2020-09-30 01:46:17,223 - D:/PycharmProjects/automationPlatform/fbJob.py[line:48] - INFO: *****帐号33641672616开始执行*****73
2020-09-30 01:46:36,825 - D:/PycharmProjects/automationPlatform/fbJob.py[line:327] - INFO: *****state:已加入*****
2020-09-30 01:46:54,889 - D:/PycharmProjects/automationPlatform/fbJob.py[line:48] - INFO: *****帐号4915753941368开始执行*****74
2020-09-30 01:47:16,313 - D:/PycharmProjects/automationPlatform/fbJob.py[line:327] - INFO: *****state:加入*****
2020-09-30 01:47:17,567 - D:/PycharmProjects/automationPlatform/fbJob.py[line:158] - INFO: -----开始回答Coupons, Codes, Deals, Krazy Glitches & Steals!!问题-----
2020-09-30 01:47:36,253 - D:/PycharmProjects/automationPlatform/fbJob.py[line:108] - INFO: *****帐号4915753941368未完成*****74
2020-09-30 01:47:36,254 - D:/PycharmProjects/automationPlatform/fbJob.py[line:45] - INFO: #####等待5秒后，下一个帐号开始执行#####
2020-09-30 01:47:41,254 - D:/PycharmProjects/automationPlatform/fbJob.py[line:48] - INFO: *****帐号33641672616开始执行*****74
2020-09-30 01:48:08,036 - D:/PycharmProjects/automationPlatform/fbJob.py[line:327] - INFO: *****state:加入*****
2020-09-30 01:48:09,440 - D:/PycharmProjects/automationPlatform/fbJob.py[line:158] - INFO: -----开始回答Coupons, Codes, Deals, Krazy Glitches & Steals!!问题-----
2020-09-30 01:48:29,073 - D:/PycharmProjects/automationPlatform/fbJob.py[line:108] - INFO: *****帐号33641672616未完成*****74
2020-09-30 01:48:29,074 - D:/PycharmProjects/automationPlatform/fbJob.py[line:45] - INFO: #####等待5秒后，下一个帐号开始执行#####
2020-09-30 01:48:34,075 - D:/PycharmProjects/automationPlatform/fbJob.py[line:48] - INFO: *****帐号4915214194318开始执行*****74
2020-09-30 01:48:51,667 - D:/PycharmProjects/automationPlatform/fbJob.py[line:327] - INFO: *****state:已加入*****
2020-09-30 01:49:08,067 - D:/PycharmProjects/automationPlatform/fbJob.py[line:48] - INFO: *****帐号4915753941368开始执行*****75
2020-09-30 01:49:29,130 - D:/PycharmProjects/automationPlatform/fbJob.py[line:327] - INFO: *****state:已加入*****
2020-09-30 01:49:41,566 - D:/PycharmProjects/automationPlatform/fbJob.py[line:367] - INFO: *****点赞成功*****
2020-09-30 01:49:44,644 - D:/PycharmProjects/automationPlatform/fbJob.py[line:375] - INFO: *****评论成功*****
2020-09-30 01:49:45,679 - D:/PycharmProjects/automationPlatform/fbJob.py[line:396] - INFO: *****更新帐号配置文件成功*****
2020-09-30 01:49:45,679 - D:/PycharmProjects/automationPlatform/fbJob.py[line:397] - INFO: *****帐号4915753941368执行完成*****
2020-09-30 01:50:07,929 - D:/PycharmProjects/automationPlatform/fbJob.py[line:104] - INFO: *****更新数据库成功*****
2020-09-30 01:50:07,929 - D:/PycharmProjects/automationPlatform/fbJob.py[line:105] - INFO: *****帐号4915753941368执行完成*****75
2020-09-30 01:50:07,931 - D:/PycharmProjects/automationPlatform/fbJob.py[line:48] - INFO: *****帐号4915753941368开始执行*****76
2020-09-30 01:50:28,935 - D:/PycharmProjects/automationPlatform/fbJob.py[line:327] - INFO: *****state:加入*****
2020-09-30 01:50:30,382 - D:/PycharmProjects/automationPlatform/fbJob.py[line:158] - INFO: -----开始回答Extreme Deals and Promos问题-----
2020-09-30 01:50:32,608 - D:/PycharmProjects/automationPlatform/fbJob.py[line:281] - INFO: -----回答问题结束-----
2020-09-30 01:50:53,313 - D:/PycharmProjects/automationPlatform/fbJob.py[line:108] - INFO: *****帐号4915753941368未完成*****76
2020-09-30 01:50:53,313 - D:/PycharmProjects/automationPlatform/fbJob.py[line:45] - INFO: #####等待5秒后，下一个帐号开始执行#####
2020-09-30 01:50:58,313 - D:/PycharmProjects/automationPlatform/fbJob.py[line:48] - INFO: *****帐号33641672616开始执行*****76
2020-09-30 01:51:22,085 - D:/PycharmProjects/automationPlatform/fbJob.py[line:327] - INFO: *****state:加入*****
2020-09-30 01:51:23,368 - D:/PycharmProjects/automationPlatform/fbJob.py[line:158] - INFO: -----开始回答Extreme Deals and Promos问题-----
2020-09-30 01:51:25,715 - D:/PycharmProjects/automationPlatform/fbJob.py[line:281] - INFO: -----回答问题结束-----
2020-09-30 01:51:44,295 - D:/PycharmProjects/automationPlatform/fbJob.py[line:108] - INFO: *****帐号33641672616未完成*****76
2020-09-30 01:51:44,296 - D:/PycharmProjects/automationPlatform/fbJob.py[line:45] - INFO: #####等待5秒后，下一个帐号开始执行#####
2020-09-30 01:51:49,297 - D:/PycharmProjects/automationPlatform/fbJob.py[line:48] - INFO: *****帐号4915214194318开始执行*****76
2020-09-30 01:52:11,792 - D:/PycharmProjects/automationPlatform/fbJob.py[line:327] - INFO: *****state:加入*****
2020-09-30 01:52:12,998 - D:/PycharmProjects/automationPlatform/fbJob.py[line:158] - INFO: -----开始回答Extreme Deals and Promos问题-----
2020-09-30 01:52:15,119 - D:/PycharmProjects/automationPlatform/fbJob.py[line:281] - INFO: -----回答问题结束-----
2020-09-30 01:52:33,889 - D:/PycharmProjects/automationPlatform/fbJob.py[line:108] - INFO: *****帐号4915214194318未完成*****76
2020-09-30 01:52:33,890 - D:/PycharmProjects/automationPlatform/fbJob.py[line:45] - INFO: #####等待5秒后，下一个帐号开始执行#####
2020-09-30 01:52:38,890 - D:/PycharmProjects/automationPlatform/fbJob.py[line:48] - INFO: *****帐号4915774561203开始执行*****76
2020-09-30 01:53:00,694 - D:/PycharmProjects/automationPlatform/fbJob.py[line:327] - INFO: *****state:加入*****
2020-09-30 01:53:02,080 - D:/PycharmProjects/automationPlatform/fbJob.py[line:158] - INFO: -----开始回答Extreme Deals and Promos问题-----
2020-09-30 01:53:04,242 - D:/PycharmProjects/automationPlatform/fbJob.py[line:281] - INFO: -----回答问题结束-----
2020-09-30 01:53:22,920 - D:/PycharmProjects/automationPlatform/fbJob.py[line:108] - INFO: *****帐号4915774561203未完成*****76
2020-09-30 01:53:22,921 - D:/PycharmProjects/automationPlatform/fbJob.py[line:45] - INFO: #####等待5秒后，下一个帐号开始执行#####
2020-09-30 01:53:27,921 - D:/PycharmProjects/automationPlatform/fbJob.py[line:48] - INFO: *****帐号4915211572412开始执行*****76
2020-09-30 01:53:48,374 - D:/PycharmProjects/automationPlatform/fbJob.py[line:327] - INFO: *****state:加入*****
2020-09-30 01:53:49,600 - D:/PycharmProjects/automationPlatform/fbJob.py[line:158] - INFO: -----开始回答Extreme Deals and Promos问题-----
2020-09-30 01:53:51,761 - D:/PycharmProjects/automationPlatform/fbJob.py[line:281] - INFO: -----回答问题结束-----
2020-09-30 01:54:10,490 - D:/PycharmProjects/automationPlatform/fbJob.py[line:108] - INFO: *****帐号4915211572412未完成*****76
2020-09-30 01:54:10,490 - D:/PycharmProjects/automationPlatform/fbJob.py[line:45] - INFO: #####等待5秒后，下一个帐号开始执行#####
2020-09-30 01:54:15,490 - D:/PycharmProjects/automationPlatform/fbJob.py[line:48] - INFO: *****帐号4915777675748开始执行*****76
2020-09-30 01:54:37,183 - D:/PycharmProjects/automationPlatform/fbJob.py[line:327] - INFO: *****state:加入*****
2020-09-30 01:54:38,521 - D:/PycharmProjects/automationPlatform/fbJob.py[line:158] - INFO: -----开始回答Extreme Deals and Promos问题-----
2020-09-30 01:54:40,425 - D:/PycharmProjects/automationPlatform/fbJob.py[line:281] - INFO: -----回答问题结束-----
2020-09-30 01:54:59,106 - D:/PycharmProjects/automationPlatform/fbJob.py[line:108] - INFO: *****帐号4915777675748未完成*****76
2020-09-30 01:54:59,107 - D:/PycharmProjects/automationPlatform/fbJob.py[line:45] - INFO: #####等待5秒后，下一个帐号开始执行#####
2020-09-30 01:55:04,108 - D:/PycharmProjects/automationPlatform/fbJob.py[line:48] - INFO: *****帐号4915218901558开始执行*****76
2020-09-30 01:55:04,108 - D:/PycharmProjects/automationPlatform/fbJob.py[line:50] - INFO: *****该账号已执行过此任务，跳过*****
2020-09-30 01:55:04,110 - D:/PycharmProjects/automationPlatform/fbJob.py[line:48] - INFO: *****帐号4915753941368开始执行*****77
2020-09-30 01:55:18,626 - D:/PycharmProjects/automationPlatform/fbJob.py[line:327] - INFO: *****state:请求已发送*****
2020-09-30 01:55:18,626 - D:/PycharmProjects/automationPlatform/fbJob.py[line:329] - INFO: -----4915753941368加入群组请求已发送-----
2020-09-30 01:55:29,291 - D:/PycharmProjects/automationPlatform/fbJob.py[line:108] - INFO: *****帐号4915753941368未完成*****77
2020-09-30 01:55:29,292 - D:/PycharmProjects/automationPlatform/fbJob.py[line:45] - INFO: #####等待5秒后，下一个帐号开始执行#####
2020-09-30 01:55:34,292 - D:/PycharmProjects/automationPlatform/fbJob.py[line:48] - INFO: *****帐号33641672616开始执行*****77
2020-09-30 01:55:50,710 - D:/PycharmProjects/automationPlatform/fbJob.py[line:327] - INFO: *****state:请求已发送*****
2020-09-30 01:55:50,711 - D:/PycharmProjects/automationPlatform/fbJob.py[line:329] - INFO: -----33641672616加入群组请求已发送-----
2020-09-30 01:56:02,772 - D:/PycharmProjects/automationPlatform/fbJob.py[line:108] - INFO: *****帐号33641672616未完成*****77
2020-09-30 01:56:02,772 - D:/PycharmProjects/automationPlatform/fbJob.py[line:45] - INFO: #####等待5秒后，下一个帐号开始执行#####
2020-09-30 01:56:07,773 - D:/PycharmProjects/automationPlatform/fbJob.py[line:48] - INFO: *****帐号4915214194318开始执行*****77
2020-09-30 01:56:23,396 - D:/PycharmProjects/automationPlatform/fbJob.py[line:327] - INFO: *****state:请求已发送*****
2020-09-30 01:56:23,396 - D:/PycharmProjects/automationPlatform/fbJob.py[line:329] - INFO: -----4915214194318加入群组请求已发送-----
2020-09-30 01:56:34,217 - D:/PycharmProjects/automationPlatform/fbJob.py[line:108] - INFO: *****帐号4915214194318未完成*****77
2020-09-30 01:56:34,217 - D:/PycharmProjects/automationPlatform/fbJob.py[line:45] - INFO: #####等待5秒后，下一个帐号开始执行#####
2020-09-30 01:56:39,218 - D:/PycharmProjects/automationPlatform/fbJob.py[line:48] - INFO: *****帐号4915774561203开始执行*****77
2020-09-30 01:56:54,124 - D:/PycharmProjects/automationPlatform/fbJob.py[line:327] - INFO: *****state:请求已发送*****
2020-09-30 01:56:54,125 - D:/PycharmProjects/automationPlatform/fbJob.py[line:329] - INFO: -----4915774561203加入群组请求已发送-----
2020-09-30 01:57:04,821 - D:/PycharmProjects/automationPlatform/fbJob.py[line:108] - INFO: *****帐号4915774561203未完成*****77
2020-09-30 01:57:04,822 - D:/PycharmProjects/automationPlatform/fbJob.py[line:45] - INFO: #####等待5秒后，下一个帐号开始执行#####
2020-09-30 01:57:09,822 - D:/PycharmProjects/automationPlatform/fbJob.py[line:48] - INFO: *****帐号4915211572412开始执行*****77
2020-09-30 01:57:31,138 - D:/PycharmProjects/automationPlatform/fbJob.py[line:327] - INFO: *****state:请求已发送*****
2020-09-30 01:57:31,138 - D:/PycharmProjects/automationPlatform/fbJob.py[line:329] - INFO: -----4915211572412加入群组请求已发送-----
2020-09-30 01:57:41,766 - D:/PycharmProjects/automationPlatform/fbJob.py[line:108] - INFO: *****帐号4915211572412未完成*****77
2020-09-30 01:57:41,767 - D:/PycharmProjects/automationPlatform/fbJob.py[line:45] - INFO: #####等待5秒后，下一个帐号开始执行#####
2020-09-30 01:57:46,768 - D:/PycharmProjects/automationPlatform/fbJob.py[line:48] - INFO: *****帐号4915777675748开始执行*****77
2020-09-30 01:58:02,047 - D:/PycharmProjects/automationPlatform/fbJob.py[line:327] - INFO: *****state:请求已发送*****
2020-09-30 01:58:02,047 - D:/PycharmProjects/automationPlatform/fbJob.py[line:329] - INFO: -----4915777675748加入群组请求已发送-----
2020-09-30 01:58:12,652 - D:/PycharmProjects/automationPlatform/fbJob.py[line:108] - INFO: *****帐号4915777675748未完成*****77
2020-09-30 01:58:12,653 - D:/PycharmProjects/automationPlatform/fbJob.py[line:45] - INFO: #####等待5秒后，下一个帐号开始执行#####
2020-09-30 01:58:17,654 - D:/PycharmProjects/automationPlatform/fbJob.py[line:48] - INFO: *****帐号4915218901558开始执行*****77
2020-09-30 01:58:37,208 - D:/PycharmProjects/automationPlatform/fbJob.py[line:327] - INFO: *****state:请求已发送*****
2020-09-30 01:58:37,209 - D:/PycharmProjects/automationPlatform/fbJob.py[line:329] - INFO: -----4915218901558加入群组请求已发送-----
2020-09-30 01:58:47,838 - D:/PycharmProjects/automationPlatform/fbJob.py[line:108] - INFO: *****帐号4915218901558未完成*****77
2020-09-30 01:58:47,844 - D:/PycharmProjects/automationPlatform/fbJob.py[line:48] - INFO: *****帐号4915753941368开始执行*****78
2020-09-30 01:59:02,768 - D:/PycharmProjects/automationPlatform/fbJob.py[line:327] - INFO: *****state:已加入*****
2020-09-30 01:59:20,883 - D:/PycharmProjects/automationPlatform/fbJob.py[line:109] - INFO: -----任务列表[71, 72, 73, 74, 75, 76, 77, 78]执行结束-----
